<?xml version="1.0" encoding="UTF-8"?>
<!-- Generated by org.testng.reporters.JUnitXMLReporter -->
<testsuite ignored="0" hostname="DESKTOP-2FD0K7O" failures="0" tests="7" name="Default test" time="16.95" errors="0" timestamp="2024-06-09T21:06:10 IST">
  <testcase classname="testNG.Alphabetical_Order" name="facebook" time="1.217"/>
  <testcase classname="testNG.Alphabetical_Order" name="gmail" time="2.808"/>
  <testcase classname="testNG.Alphabetical_Order" name="google" time="2.421"/>
  <testcase classname="testNG.Alphabetical_Order" name="redmine" time="5.294"/>
  <testcase classname="testNG.Alphabetical_Order" name="selenium" time="0.315"/>
  <testcase classname="testNG.Alphabetical_Order" name="swiggy" time="0.188"/>
  <testcase classname="testNG.Alphabetical_Order" name="x" time="1.758"/>
</testsuite> <!-- Default test -->
