<?xml version="1.0" encoding="UTF-8"?>
<!-- Generated by org.testng.reporters.JUnitXMLReporter -->
<testsuite ignored="5" hostname="DESKTOP-2FD0K7O" failures="0" tests="2" name="Test" time="6.996" errors="0" timestamp="2024-06-09T19:02:43 IST">
  <testcase classname="testNG.Groups" name="swiggy" time="0.187"/>
  <testcase classname="testNG.Groups" name="zomato" time="4.717"/>
  <testcase classname="testNG.Groups" name="redmine" time="0.0">
    <ignored/>
  </testcase> <!-- redmine -->
  <testcase classname="testNG.Groups" name="gmail" time="0.0">
    <ignored/>
  </testcase> <!-- gmail -->
  <testcase classname="testNG.Groups" name="selenium" time="0.0">
    <ignored/>
  </testcase> <!-- selenium -->
  <testcase classname="testNG.Groups" name="facebook" time="0.0">
    <ignored/>
  </testcase> <!-- facebook -->
  <testcase classname="testNG.Groups" name="x" time="0.0">
    <ignored/>
  </testcase> <!-- x -->
</testsuite> <!-- Test -->
