<?xml version="1.0" encoding="UTF-8"?>
<testng-results ignored="0" total="1" passed="1" failed="0" skipped="0">
  <reporter-output>
  </reporter-output>
  <suite started-at="2024-09-29T11:28:35 IST" name="Default suite" finished-at="2024-09-29T11:29:07 IST" duration-ms="32179">
    <groups>
    </groups>
    <test started-at="2024-09-29T11:28:35 IST" name="Default test" finished-at="2024-09-29T11:29:07 IST" duration-ms="32179">
      <class name="brokenLinks.WebPageBrokenLinks">
        <test-method is-config="true" signature="beforeTest()[pri:0, instance:brokenLinks.WebPageBrokenLinks@7ae0a9ec]" started-at="2024-09-29T11:28:35 IST" name="beforeTest" finished-at="2024-09-29T11:28:43 IST" duration-ms="8429" status="PASS">
          <reporter-output>
          </reporter-output>
        </test-method> <!-- beforeTest -->
        <test-method signature="brokenLinks()[pri:0, instance:brokenLinks.WebPageBrokenLinks@7ae0a9ec]" started-at="2024-09-29T11:28:43 IST" name="brokenLinks" finished-at="2024-09-29T11:29:07 IST" duration-ms="23618" status="PASS">
          <reporter-output>
          </reporter-output>
        </test-method> <!-- brokenLinks -->
      </class> <!-- brokenLinks.WebPageBrokenLinks -->
    </test> <!-- Default test -->
  </suite> <!-- Default suite -->
</testng-results>
